2020-09-14 11:02:01,818 [Worker-3: Loading available Gradle versions] INFO  o.e.b.c.i.u.g.PublishedGradleVersions - Gradle version information cache is out-of-date. Trying to update.
2020-09-14 11:03:46,487 [Worker-3: Importing Maven projects] INFO  o.e.m.c.i.l.LifecycleMappingFactory - Using org.maven.ide.eclipse.wtp.WarLifecycleMapping lifecycle mapping for MavenProject: com.app:Sbms_API_Gateway:2.0 @ C:\Users\KAKARALA BRO'S\Desktop\Problem\Sbms_API_Gateway\pom.xml.
2020-09-14 11:04:30,385 [Worker-3: Importing Maven projects] INFO  o.e.m.j.i.AbstractJavaProjectConfigurator - Adding source folder /Sbms_API_Gateway/src/main/java
2020-09-14 11:04:30,387 [Worker-3: Importing Maven projects] INFO  o.e.m.j.i.AbstractJavaProjectConfigurator - Adding resource folder /Sbms_API_Gateway/src/main/resources
2020-09-14 11:04:30,388 [Worker-3: Importing Maven projects] INFO  o.e.m.j.i.AbstractJavaProjectConfigurator - Adding resource folder /Sbms_API_Gateway/src/main/resources
2020-09-14 11:04:30,390 [Worker-3: Importing Maven projects] INFO  o.e.m.j.i.AbstractJavaProjectConfigurator - Adding source folder /Sbms_API_Gateway/src/test/java
2020-09-14 11:04:56,987 [Worker-3: Importing Maven projects] INFO  o.e.m.c.i.p.ProjectConfigurationManager - Imported and configured 1 project(s) in 90 sec
2020-09-14 11:05:01,891 [Worker-0: Importing Maven projects] INFO  o.e.m.c.i.l.LifecycleMappingFactory - Using org.maven.ide.eclipse.wtp.WarLifecycleMapping lifecycle mapping for MavenProject: com.app:Sbms_StockUI_App:2.0 @ C:\Users\KAKARALA BRO'S\Desktop\Problem\Sbms_StockUI_App\pom.xml.
2020-09-14 11:05:18,237 [Worker-0: Importing Maven projects] INFO  o.e.m.j.i.AbstractJavaProjectConfigurator - Adding source folder /Sbms_StockUI_App/src/main/java
2020-09-14 11:05:18,238 [Worker-0: Importing Maven projects] INFO  o.e.m.j.i.AbstractJavaProjectConfigurator - Adding resource folder /Sbms_StockUI_App/src/main/resources
2020-09-14 11:05:18,239 [Worker-0: Importing Maven projects] INFO  o.e.m.j.i.AbstractJavaProjectConfigurator - Adding resource folder /Sbms_StockUI_App/src/main/resources
2020-09-14 11:05:18,241 [Worker-0: Importing Maven projects] INFO  o.e.m.j.i.AbstractJavaProjectConfigurator - Adding source folder /Sbms_StockUI_App/src/test/java
2020-09-14 11:05:29,097 [Worker-0: Importing Maven projects] INFO  o.e.m.c.i.p.ProjectConfigurationManager - Imported and configured 1 project(s) in 31 sec
2020-09-14 11:05:36,044 [Worker-7: Importing Maven projects] INFO  o.e.m.c.i.l.LifecycleMappingFactory - Using org.maven.ide.eclipse.wtp.WarLifecycleMapping lifecycle mapping for MavenProject: com.app:SBMS-EurekaServer:2.0 @ C:\Users\KAKARALA BRO'S\Desktop\Problem\SBMS-EurekaServer\pom.xml.
2020-09-14 11:05:56,736 [Worker-7: Importing Maven projects] INFO  o.e.m.j.i.AbstractJavaProjectConfigurator - Adding source folder /SBMS-EurekaServer/src/main/java
2020-09-14 11:05:56,736 [Worker-7: Importing Maven projects] INFO  o.e.m.j.i.AbstractJavaProjectConfigurator - Adding resource folder /SBMS-EurekaServer/src/main/resources
2020-09-14 11:05:56,738 [Worker-7: Importing Maven projects] INFO  o.e.m.j.i.AbstractJavaProjectConfigurator - Adding resource folder /SBMS-EurekaServer/src/main/resources
2020-09-14 11:05:56,739 [Worker-7: Importing Maven projects] INFO  o.e.m.j.i.AbstractJavaProjectConfigurator - Adding source folder /SBMS-EurekaServer/src/test/java
2020-09-14 11:05:59,321 [Worker-7: Importing Maven projects] INFO  o.e.m.c.i.p.ProjectConfigurationManager - Imported and configured 1 project(s) in 29 sec
2020-09-14 11:06:02,021 [Worker-6: Importing Maven projects] INFO  o.e.m.c.i.l.LifecycleMappingFactory - Using org.maven.ide.eclipse.wtp.WarLifecycleMapping lifecycle mapping for MavenProject: com.app:SbmsServiceRegistryCalculationService:2.0 @ C:\Users\KAKARALA BRO'S\Desktop\Problem\SbmsServiceRegistryCalculationService\pom.xml.
2020-09-14 11:06:13,453 [Worker-6: Importing Maven projects] INFO  o.e.m.j.i.AbstractJavaProjectConfigurator - Adding source folder /SbmsServiceRegistryCalculationService/src/main/java
2020-09-14 11:06:13,453 [Worker-6: Importing Maven projects] INFO  o.e.m.j.i.AbstractJavaProjectConfigurator - Adding resource folder /SbmsServiceRegistryCalculationService/src/main/resources
2020-09-14 11:06:13,455 [Worker-6: Importing Maven projects] INFO  o.e.m.j.i.AbstractJavaProjectConfigurator - Adding resource folder /SbmsServiceRegistryCalculationService/src/main/resources
2020-09-14 11:06:13,456 [Worker-6: Importing Maven projects] INFO  o.e.m.j.i.AbstractJavaProjectConfigurator - Adding source folder /SbmsServiceRegistryCalculationService/src/test/java
2020-09-14 11:06:16,642 [Worker-6: Importing Maven projects] INFO  o.e.m.c.i.p.ProjectConfigurationManager - Imported and configured 1 project(s) in 16 sec
2020-09-14 11:06:20,008 [Worker-5: Importing Maven projects] INFO  o.e.m.c.i.l.LifecycleMappingFactory - Using org.maven.ide.eclipse.wtp.WarLifecycleMapping lifecycle mapping for MavenProject: com.app:SBMS-ServiceRegistry-Stockprice-Service:2.0 @ C:\Users\KAKARALA BRO'S\Desktop\Problem\SBMS-ServiceRegistry-Stockprice-Service\pom.xml.
2020-09-14 11:06:29,744 [Worker-5: Importing Maven projects] INFO  o.e.m.j.i.AbstractJavaProjectConfigurator - Adding source folder /SBMS-ServiceRegistry-Stockprice-Service/src/main/java
2020-09-14 11:06:29,745 [Worker-5: Importing Maven projects] INFO  o.e.m.j.i.AbstractJavaProjectConfigurator - Adding resource folder /SBMS-ServiceRegistry-Stockprice-Service/src/main/resources
2020-09-14 11:06:29,746 [Worker-5: Importing Maven projects] INFO  o.e.m.j.i.AbstractJavaProjectConfigurator - Adding resource folder /SBMS-ServiceRegistry-Stockprice-Service/src/main/resources
2020-09-14 11:06:29,748 [Worker-5: Importing Maven projects] INFO  o.e.m.j.i.AbstractJavaProjectConfigurator - Adding source folder /SBMS-ServiceRegistry-Stockprice-Service/src/test/java
2020-09-14 11:06:32,504 [Worker-5: Importing Maven projects] INFO  o.e.m.c.i.p.ProjectConfigurationManager - Imported and configured 1 project(s) in 13 sec
2020-09-14 11:06:53,515 [Worker-0: Building] INFO  o.e.m.c.i.embedder.EclipseLogger - Using 'UTF-8' encoding to copy filtered resources.
2020-09-14 11:06:53,572 [Worker-0: Building] INFO  o.e.m.c.i.embedder.EclipseLogger - Copying 1 resource
2020-09-14 11:06:53,623 [Worker-0: Building] INFO  o.e.m.c.i.embedder.EclipseLogger - Copying 0 resource
2020-09-14 11:06:53,627 [Worker-0: Building] INFO  o.e.m.c.i.embedder.EclipseLogger - Using 'UTF-8' encoding to copy filtered resources.
2020-09-14 11:06:53,628 [Worker-0: Building] INFO  o.e.m.c.i.embedder.EclipseLogger - skip non existing resourceDirectory C:\Users\KAKARALA BRO'S\Desktop\Problem\SBMS-EurekaServer\src\test\resources
2020-09-14 11:07:05,843 [Worker-0: Building] INFO  o.e.m.c.i.embedder.EclipseLogger - Using 'UTF-8' encoding to copy filtered resources.
2020-09-14 11:07:05,844 [Worker-0: Building] INFO  o.e.m.c.i.embedder.EclipseLogger - Copying 1 resource
2020-09-14 11:07:05,906 [Worker-0: Building] INFO  o.e.m.c.i.embedder.EclipseLogger - Copying 1 resource
2020-09-14 11:07:05,923 [Worker-0: Building] INFO  o.e.m.c.i.embedder.EclipseLogger - Using 'UTF-8' encoding to copy filtered resources.
2020-09-14 11:07:05,924 [Worker-0: Building] INFO  o.e.m.c.i.embedder.EclipseLogger - skip non existing resourceDirectory C:\Users\KAKARALA BRO'S\Desktop\Problem\SBMS-ServiceRegistry-Stockprice-Service\src\test\resources
2020-09-14 11:07:11,025 [Worker-0: Building] INFO  o.e.m.c.i.embedder.EclipseLogger - Using 'UTF-8' encoding to copy filtered resources.
2020-09-14 11:07:11,028 [Worker-0: Building] INFO  o.e.m.c.i.embedder.EclipseLogger - Copying 1 resource
2020-09-14 11:07:11,034 [Worker-0: Building] INFO  o.e.m.c.i.embedder.EclipseLogger - Copying 0 resource
2020-09-14 11:07:11,037 [Worker-0: Building] INFO  o.e.m.c.i.embedder.EclipseLogger - Using 'UTF-8' encoding to copy filtered resources.
2020-09-14 11:07:11,038 [Worker-0: Building] INFO  o.e.m.c.i.embedder.EclipseLogger - skip non existing resourceDirectory C:\Users\KAKARALA BRO'S\Desktop\Problem\SbmsServiceRegistryCalculationService\src\test\resources
2020-09-14 11:07:15,213 [Worker-0: Building] INFO  o.e.m.c.i.embedder.EclipseLogger - Using 'UTF-8' encoding to copy filtered resources.
2020-09-14 11:07:15,214 [Worker-0: Building] INFO  o.e.m.c.i.embedder.EclipseLogger - Copying 1 resource
2020-09-14 11:07:15,240 [Worker-0: Building] INFO  o.e.m.c.i.embedder.EclipseLogger - Copying 0 resource
2020-09-14 11:07:15,244 [Worker-0: Building] INFO  o.e.m.c.i.embedder.EclipseLogger - Using 'UTF-8' encoding to copy filtered resources.
2020-09-14 11:07:15,245 [Worker-0: Building] INFO  o.e.m.c.i.embedder.EclipseLogger - skip non existing resourceDirectory C:\Users\KAKARALA BRO'S\Desktop\Problem\Sbms_API_Gateway\src\test\resources
2020-09-14 11:07:19,505 [Worker-0: Building] INFO  o.e.m.c.i.embedder.EclipseLogger - Using 'UTF-8' encoding to copy filtered resources.
2020-09-14 11:07:19,506 [Worker-0: Building] INFO  o.e.m.c.i.embedder.EclipseLogger - Copying 1 resource
2020-09-14 11:07:19,530 [Worker-0: Building] INFO  o.e.m.c.i.embedder.EclipseLogger - Copying 0 resource
2020-09-14 11:07:19,537 [Worker-0: Building] INFO  o.e.m.c.i.embedder.EclipseLogger - Using 'UTF-8' encoding to copy filtered resources.
